ARM GAS  /tmp/ccuCBlxV.s 			page 1


   1              		.cpu cortex-m7
   2              		.eabi_attribute 27, 1
   3              		.eabi_attribute 28, 1
   4              		.eabi_attribute 20, 1
   5              		.eabi_attribute 21, 1
   6              		.eabi_attribute 23, 3
   7              		.eabi_attribute 24, 1
   8              		.eabi_attribute 25, 1
   9              		.eabi_attribute 26, 1
  10              		.eabi_attribute 30, 1
  11              		.eabi_attribute 34, 1
  12              		.eabi_attribute 18, 4
  13              		.file	"usart.c"
  14              		.text
  15              	.Ltext0:
  16              		.cfi_sections	.debug_frame
  17              		.section	.text.MX_UART7_Init,"ax",%progbits
  18              		.align	1
  19              		.global	MX_UART7_Init
  20              		.arch armv7e-m
  21              		.syntax unified
  22              		.thumb
  23              		.thumb_func
  24              		.fpu fpv5-sp-d16
  26              	MX_UART7_Init:
  27              	.LFB141:
  28              		.file 1 "Core/Src/usart.c"
   1:Core/Src/usart.c **** /* USER CODE BEGIN Header */
   2:Core/Src/usart.c **** /**
   3:Core/Src/usart.c ****   ******************************************************************************
   4:Core/Src/usart.c ****   * @file    usart.c
   5:Core/Src/usart.c ****   * @brief   This file provides code for the configuration
   6:Core/Src/usart.c ****   *          of the USART instances.
   7:Core/Src/usart.c ****   ******************************************************************************
   8:Core/Src/usart.c ****   * @attention
   9:Core/Src/usart.c ****   *
  10:Core/Src/usart.c ****   * Copyright (c) 2024 STMicroelectronics.
  11:Core/Src/usart.c ****   * All rights reserved.
  12:Core/Src/usart.c ****   *
  13:Core/Src/usart.c ****   * This software is licensed under terms that can be found in the LICENSE file
  14:Core/Src/usart.c ****   * in the root directory of this software component.
  15:Core/Src/usart.c ****   * If no LICENSE file comes with this software, it is provided AS-IS.
  16:Core/Src/usart.c ****   *
  17:Core/Src/usart.c ****   ******************************************************************************
  18:Core/Src/usart.c ****   */
  19:Core/Src/usart.c **** /* USER CODE END Header */
  20:Core/Src/usart.c **** /* Includes ------------------------------------------------------------------*/
  21:Core/Src/usart.c **** #include "usart.h"
  22:Core/Src/usart.c **** 
  23:Core/Src/usart.c **** /* USER CODE BEGIN 0 */
  24:Core/Src/usart.c **** 
  25:Core/Src/usart.c **** /* USER CODE END 0 */
  26:Core/Src/usart.c **** 
  27:Core/Src/usart.c **** UART_HandleTypeDef huart7;
  28:Core/Src/usart.c **** UART_HandleTypeDef huart6;
  29:Core/Src/usart.c **** DMA_HandleTypeDef hdma_uart7_rx;
  30:Core/Src/usart.c **** DMA_HandleTypeDef hdma_uart7_tx;
ARM GAS  /tmp/ccuCBlxV.s 			page 2


  31:Core/Src/usart.c **** 
  32:Core/Src/usart.c **** /* UART7 init function */
  33:Core/Src/usart.c **** void MX_UART7_Init(void)
  34:Core/Src/usart.c **** {
  29              		.loc 1 34 1 view -0
  30              		.cfi_startproc
  31              		@ args = 0, pretend = 0, frame = 0
  32              		@ frame_needed = 0, uses_anonymous_args = 0
  33 0000 08B5     		push	{r3, lr}
  34              	.LCFI0:
  35              		.cfi_def_cfa_offset 8
  36              		.cfi_offset 3, -8
  37              		.cfi_offset 14, -4
  35:Core/Src/usart.c **** 
  36:Core/Src/usart.c ****   /* USER CODE BEGIN UART7_Init 0 */
  37:Core/Src/usart.c **** 
  38:Core/Src/usart.c ****   /* USER CODE END UART7_Init 0 */
  39:Core/Src/usart.c **** 
  40:Core/Src/usart.c ****   /* USER CODE BEGIN UART7_Init 1 */
  41:Core/Src/usart.c **** 
  42:Core/Src/usart.c ****   /* USER CODE END UART7_Init 1 */
  43:Core/Src/usart.c ****   huart7.Instance = UART7;
  38              		.loc 1 43 3 view .LVU1
  39              		.loc 1 43 19 is_stmt 0 view .LVU2
  40 0002 0B48     		ldr	r0, .L5
  41 0004 0B4B     		ldr	r3, .L5+4
  42 0006 0360     		str	r3, [r0]
  44:Core/Src/usart.c ****   huart7.Init.BaudRate = 9600;
  43              		.loc 1 44 3 is_stmt 1 view .LVU3
  44              		.loc 1 44 24 is_stmt 0 view .LVU4
  45 0008 4FF41653 		mov	r3, #9600
  46 000c 4360     		str	r3, [r0, #4]
  45:Core/Src/usart.c ****   huart7.Init.WordLength = UART_WORDLENGTH_8B;
  47              		.loc 1 45 3 is_stmt 1 view .LVU5
  48              		.loc 1 45 26 is_stmt 0 view .LVU6
  49 000e 0023     		movs	r3, #0
  50 0010 8360     		str	r3, [r0, #8]
  46:Core/Src/usart.c ****   huart7.Init.StopBits = UART_STOPBITS_1;
  51              		.loc 1 46 3 is_stmt 1 view .LVU7
  52              		.loc 1 46 24 is_stmt 0 view .LVU8
  53 0012 C360     		str	r3, [r0, #12]
  47:Core/Src/usart.c ****   huart7.Init.Parity = UART_PARITY_NONE;
  54              		.loc 1 47 3 is_stmt 1 view .LVU9
  55              		.loc 1 47 22 is_stmt 0 view .LVU10
  56 0014 0361     		str	r3, [r0, #16]
  48:Core/Src/usart.c ****   huart7.Init.Mode = UART_MODE_TX_RX;
  57              		.loc 1 48 3 is_stmt 1 view .LVU11
  58              		.loc 1 48 20 is_stmt 0 view .LVU12
  59 0016 0C22     		movs	r2, #12
  60 0018 4261     		str	r2, [r0, #20]
  49:Core/Src/usart.c ****   huart7.Init.HwFlowCtl = UART_HWCONTROL_NONE;
  61              		.loc 1 49 3 is_stmt 1 view .LVU13
  62              		.loc 1 49 25 is_stmt 0 view .LVU14
  63 001a 8361     		str	r3, [r0, #24]
  50:Core/Src/usart.c ****   huart7.Init.OverSampling = UART_OVERSAMPLING_16;
  64              		.loc 1 50 3 is_stmt 1 view .LVU15
  65              		.loc 1 50 28 is_stmt 0 view .LVU16
ARM GAS  /tmp/ccuCBlxV.s 			page 3


  66 001c C361     		str	r3, [r0, #28]
  51:Core/Src/usart.c ****   huart7.Init.OneBitSampling = UART_ONE_BIT_SAMPLE_DISABLE;
  67              		.loc 1 51 3 is_stmt 1 view .LVU17
  68              		.loc 1 51 30 is_stmt 0 view .LVU18
  69 001e 0362     		str	r3, [r0, #32]
  52:Core/Src/usart.c ****   huart7.AdvancedInit.AdvFeatureInit = UART_ADVFEATURE_NO_INIT;
  70              		.loc 1 52 3 is_stmt 1 view .LVU19
  71              		.loc 1 52 38 is_stmt 0 view .LVU20
  72 0020 4362     		str	r3, [r0, #36]
  53:Core/Src/usart.c ****   if (HAL_UART_Init(&huart7) != HAL_OK)
  73              		.loc 1 53 3 is_stmt 1 view .LVU21
  74              		.loc 1 53 7 is_stmt 0 view .LVU22
  75 0022 FFF7FEFF 		bl	HAL_UART_Init
  76              	.LVL0:
  77              		.loc 1 53 6 view .LVU23
  78 0026 00B9     		cbnz	r0, .L4
  79              	.L1:
  54:Core/Src/usart.c ****   {
  55:Core/Src/usart.c ****     Error_Handler();
  56:Core/Src/usart.c ****   }
  57:Core/Src/usart.c ****   /* USER CODE BEGIN UART7_Init 2 */
  58:Core/Src/usart.c **** 
  59:Core/Src/usart.c ****   /* USER CODE END UART7_Init 2 */
  60:Core/Src/usart.c **** 
  61:Core/Src/usart.c **** }
  80              		.loc 1 61 1 view .LVU24
  81 0028 08BD     		pop	{r3, pc}
  82              	.L4:
  55:Core/Src/usart.c ****   }
  83              		.loc 1 55 5 is_stmt 1 view .LVU25
  84 002a FFF7FEFF 		bl	Error_Handler
  85              	.LVL1:
  86              		.loc 1 61 1 is_stmt 0 view .LVU26
  87 002e FBE7     		b	.L1
  88              	.L6:
  89              		.align	2
  90              	.L5:
  91 0030 00000000 		.word	.LANCHOR0
  92 0034 00780040 		.word	1073772544
  93              		.cfi_endproc
  94              	.LFE141:
  96              		.section	.text.MX_USART6_UART_Init,"ax",%progbits
  97              		.align	1
  98              		.global	MX_USART6_UART_Init
  99              		.syntax unified
 100              		.thumb
 101              		.thumb_func
 102              		.fpu fpv5-sp-d16
 104              	MX_USART6_UART_Init:
 105              	.LFB142:
  62:Core/Src/usart.c **** /* USART6 init function */
  63:Core/Src/usart.c **** 
  64:Core/Src/usart.c **** void MX_USART6_UART_Init(void)
  65:Core/Src/usart.c **** {
 106              		.loc 1 65 1 is_stmt 1 view -0
 107              		.cfi_startproc
 108              		@ args = 0, pretend = 0, frame = 0
ARM GAS  /tmp/ccuCBlxV.s 			page 4


 109              		@ frame_needed = 0, uses_anonymous_args = 0
 110 0000 08B5     		push	{r3, lr}
 111              	.LCFI1:
 112              		.cfi_def_cfa_offset 8
 113              		.cfi_offset 3, -8
 114              		.cfi_offset 14, -4
  66:Core/Src/usart.c **** 
  67:Core/Src/usart.c ****   /* USER CODE BEGIN USART6_Init 0 */
  68:Core/Src/usart.c **** 
  69:Core/Src/usart.c ****   /* USER CODE END USART6_Init 0 */
  70:Core/Src/usart.c **** 
  71:Core/Src/usart.c ****   /* USER CODE BEGIN USART6_Init 1 */
  72:Core/Src/usart.c **** 
  73:Core/Src/usart.c ****   /* USER CODE END USART6_Init 1 */
  74:Core/Src/usart.c ****   huart6.Instance = USART6;
 115              		.loc 1 74 3 view .LVU28
 116              		.loc 1 74 19 is_stmt 0 view .LVU29
 117 0002 0B48     		ldr	r0, .L11
 118 0004 0B4B     		ldr	r3, .L11+4
 119 0006 0360     		str	r3, [r0]
  75:Core/Src/usart.c ****   huart6.Init.BaudRate = 115200;
 120              		.loc 1 75 3 is_stmt 1 view .LVU30
 121              		.loc 1 75 24 is_stmt 0 view .LVU31
 122 0008 4FF4E133 		mov	r3, #115200
 123 000c 4360     		str	r3, [r0, #4]
  76:Core/Src/usart.c ****   huart6.Init.WordLength = UART_WORDLENGTH_8B;
 124              		.loc 1 76 3 is_stmt 1 view .LVU32
 125              		.loc 1 76 26 is_stmt 0 view .LVU33
 126 000e 0023     		movs	r3, #0
 127 0010 8360     		str	r3, [r0, #8]
  77:Core/Src/usart.c ****   huart6.Init.StopBits = UART_STOPBITS_1;
 128              		.loc 1 77 3 is_stmt 1 view .LVU34
 129              		.loc 1 77 24 is_stmt 0 view .LVU35
 130 0012 C360     		str	r3, [r0, #12]
  78:Core/Src/usart.c ****   huart6.Init.Parity = UART_PARITY_NONE;
 131              		.loc 1 78 3 is_stmt 1 view .LVU36
 132              		.loc 1 78 22 is_stmt 0 view .LVU37
 133 0014 0361     		str	r3, [r0, #16]
  79:Core/Src/usart.c ****   huart6.Init.Mode = UART_MODE_TX_RX;
 134              		.loc 1 79 3 is_stmt 1 view .LVU38
 135              		.loc 1 79 20 is_stmt 0 view .LVU39
 136 0016 0C22     		movs	r2, #12
 137 0018 4261     		str	r2, [r0, #20]
  80:Core/Src/usart.c ****   huart6.Init.HwFlowCtl = UART_HWCONTROL_NONE;
 138              		.loc 1 80 3 is_stmt 1 view .LVU40
 139              		.loc 1 80 25 is_stmt 0 view .LVU41
 140 001a 8361     		str	r3, [r0, #24]
  81:Core/Src/usart.c ****   huart6.Init.OverSampling = UART_OVERSAMPLING_16;
 141              		.loc 1 81 3 is_stmt 1 view .LVU42
 142              		.loc 1 81 28 is_stmt 0 view .LVU43
 143 001c C361     		str	r3, [r0, #28]
  82:Core/Src/usart.c ****   huart6.Init.OneBitSampling = UART_ONE_BIT_SAMPLE_DISABLE;
 144              		.loc 1 82 3 is_stmt 1 view .LVU44
 145              		.loc 1 82 30 is_stmt 0 view .LVU45
 146 001e 0362     		str	r3, [r0, #32]
  83:Core/Src/usart.c ****   huart6.AdvancedInit.AdvFeatureInit = UART_ADVFEATURE_NO_INIT;
 147              		.loc 1 83 3 is_stmt 1 view .LVU46
ARM GAS  /tmp/ccuCBlxV.s 			page 5


 148              		.loc 1 83 38 is_stmt 0 view .LVU47
 149 0020 4362     		str	r3, [r0, #36]
  84:Core/Src/usart.c ****   if (HAL_UART_Init(&huart6) != HAL_OK)
 150              		.loc 1 84 3 is_stmt 1 view .LVU48
 151              		.loc 1 84 7 is_stmt 0 view .LVU49
 152 0022 FFF7FEFF 		bl	HAL_UART_Init
 153              	.LVL2:
 154              		.loc 1 84 6 view .LVU50
 155 0026 00B9     		cbnz	r0, .L10
 156              	.L7:
  85:Core/Src/usart.c ****   {
  86:Core/Src/usart.c ****     Error_Handler();
  87:Core/Src/usart.c ****   }
  88:Core/Src/usart.c ****   /* USER CODE BEGIN USART6_Init 2 */
  89:Core/Src/usart.c **** 
  90:Core/Src/usart.c ****   /* USER CODE END USART6_Init 2 */
  91:Core/Src/usart.c **** 
  92:Core/Src/usart.c **** }
 157              		.loc 1 92 1 view .LVU51
 158 0028 08BD     		pop	{r3, pc}
 159              	.L10:
  86:Core/Src/usart.c ****   }
 160              		.loc 1 86 5 is_stmt 1 view .LVU52
 161 002a FFF7FEFF 		bl	Error_Handler
 162              	.LVL3:
 163              		.loc 1 92 1 is_stmt 0 view .LVU53
 164 002e FBE7     		b	.L7
 165              	.L12:
 166              		.align	2
 167              	.L11:
 168 0030 00000000 		.word	.LANCHOR1
 169 0034 00140140 		.word	1073812480
 170              		.cfi_endproc
 171              	.LFE142:
 173              		.section	.text.HAL_UART_MspInit,"ax",%progbits
 174              		.align	1
 175              		.global	HAL_UART_MspInit
 176              		.syntax unified
 177              		.thumb
 178              		.thumb_func
 179              		.fpu fpv5-sp-d16
 181              	HAL_UART_MspInit:
 182              	.LVL4:
 183              	.LFB143:
  93:Core/Src/usart.c **** 
  94:Core/Src/usart.c **** void HAL_UART_MspInit(UART_HandleTypeDef* uartHandle)
  95:Core/Src/usart.c **** {
 184              		.loc 1 95 1 is_stmt 1 view -0
 185              		.cfi_startproc
 186              		@ args = 0, pretend = 0, frame = 168
 187              		@ frame_needed = 0, uses_anonymous_args = 0
 188              		.loc 1 95 1 is_stmt 0 view .LVU55
 189 0000 30B5     		push	{r4, r5, lr}
 190              	.LCFI2:
 191              		.cfi_def_cfa_offset 12
 192              		.cfi_offset 4, -12
 193              		.cfi_offset 5, -8
ARM GAS  /tmp/ccuCBlxV.s 			page 6


 194              		.cfi_offset 14, -4
 195 0002 ABB0     		sub	sp, sp, #172
 196              	.LCFI3:
 197              		.cfi_def_cfa_offset 184
 198 0004 0446     		mov	r4, r0
  96:Core/Src/usart.c **** 
  97:Core/Src/usart.c ****   GPIO_InitTypeDef GPIO_InitStruct = {0};
 199              		.loc 1 97 3 is_stmt 1 view .LVU56
 200              		.loc 1 97 20 is_stmt 0 view .LVU57
 201 0006 0021     		movs	r1, #0
 202 0008 2591     		str	r1, [sp, #148]
 203 000a 2691     		str	r1, [sp, #152]
 204 000c 2791     		str	r1, [sp, #156]
 205 000e 2891     		str	r1, [sp, #160]
 206 0010 2991     		str	r1, [sp, #164]
  98:Core/Src/usart.c ****   RCC_PeriphCLKInitTypeDef PeriphClkInitStruct = {0};
 207              		.loc 1 98 3 is_stmt 1 view .LVU58
 208              		.loc 1 98 28 is_stmt 0 view .LVU59
 209 0012 8422     		movs	r2, #132
 210 0014 04A8     		add	r0, sp, #16
 211              	.LVL5:
 212              		.loc 1 98 28 view .LVU60
 213 0016 FFF7FEFF 		bl	memset
 214              	.LVL6:
  99:Core/Src/usart.c ****   if(uartHandle->Instance==UART7)
 215              		.loc 1 99 3 is_stmt 1 view .LVU61
 216              		.loc 1 99 16 is_stmt 0 view .LVU62
 217 001a 2368     		ldr	r3, [r4]
 218              		.loc 1 99 5 view .LVU63
 219 001c 4E4A     		ldr	r2, .L27
 220 001e 9342     		cmp	r3, r2
 221 0020 04D0     		beq	.L21
 100:Core/Src/usart.c ****   {
 101:Core/Src/usart.c ****   /* USER CODE BEGIN UART7_MspInit 0 */
 102:Core/Src/usart.c **** 
 103:Core/Src/usart.c ****   /* USER CODE END UART7_MspInit 0 */
 104:Core/Src/usart.c **** 
 105:Core/Src/usart.c ****   /** Initializes the peripherals clock
 106:Core/Src/usart.c ****   */
 107:Core/Src/usart.c ****     PeriphClkInitStruct.PeriphClockSelection = RCC_PERIPHCLK_UART7;
 108:Core/Src/usart.c ****     PeriphClkInitStruct.Uart7ClockSelection = RCC_UART7CLKSOURCE_PCLK1;
 109:Core/Src/usart.c ****     if (HAL_RCCEx_PeriphCLKConfig(&PeriphClkInitStruct) != HAL_OK)
 110:Core/Src/usart.c ****     {
 111:Core/Src/usart.c ****       Error_Handler();
 112:Core/Src/usart.c ****     }
 113:Core/Src/usart.c **** 
 114:Core/Src/usart.c ****     /* UART7 clock enable */
 115:Core/Src/usart.c ****     __HAL_RCC_UART7_CLK_ENABLE();
 116:Core/Src/usart.c **** 
 117:Core/Src/usart.c ****     __HAL_RCC_GPIOF_CLK_ENABLE();
 118:Core/Src/usart.c ****     /**UART7 GPIO Configuration
 119:Core/Src/usart.c ****     PF7     ------> UART7_TX
 120:Core/Src/usart.c ****     PF6     ------> UART7_RX
 121:Core/Src/usart.c ****     */
 122:Core/Src/usart.c ****     GPIO_InitStruct.Pin = GPIO_PIN_7|GPIO_PIN_6;
 123:Core/Src/usart.c ****     GPIO_InitStruct.Mode = GPIO_MODE_AF_PP;
 124:Core/Src/usart.c ****     GPIO_InitStruct.Pull = GPIO_NOPULL;
ARM GAS  /tmp/ccuCBlxV.s 			page 7


 125:Core/Src/usart.c ****     GPIO_InitStruct.Speed = GPIO_SPEED_FREQ_VERY_HIGH;
 126:Core/Src/usart.c ****     GPIO_InitStruct.Alternate = GPIO_AF8_UART7;
 127:Core/Src/usart.c ****     HAL_GPIO_Init(GPIOF, &GPIO_InitStruct);
 128:Core/Src/usart.c **** 
 129:Core/Src/usart.c ****     /* UART7 DMA Init */
 130:Core/Src/usart.c ****     /* UART7_RX Init */
 131:Core/Src/usart.c ****     hdma_uart7_rx.Instance = DMA1_Stream3;
 132:Core/Src/usart.c ****     hdma_uart7_rx.Init.Channel = DMA_CHANNEL_5;
 133:Core/Src/usart.c ****     hdma_uart7_rx.Init.Direction = DMA_PERIPH_TO_MEMORY;
 134:Core/Src/usart.c ****     hdma_uart7_rx.Init.PeriphInc = DMA_PINC_DISABLE;
 135:Core/Src/usart.c ****     hdma_uart7_rx.Init.MemInc = DMA_MINC_ENABLE;
 136:Core/Src/usart.c ****     hdma_uart7_rx.Init.PeriphDataAlignment = DMA_PDATAALIGN_BYTE;
 137:Core/Src/usart.c ****     hdma_uart7_rx.Init.MemDataAlignment = DMA_MDATAALIGN_BYTE;
 138:Core/Src/usart.c ****     hdma_uart7_rx.Init.Mode = DMA_NORMAL;
 139:Core/Src/usart.c ****     hdma_uart7_rx.Init.Priority = DMA_PRIORITY_LOW;
 140:Core/Src/usart.c ****     hdma_uart7_rx.Init.FIFOMode = DMA_FIFOMODE_DISABLE;
 141:Core/Src/usart.c ****     if (HAL_DMA_Init(&hdma_uart7_rx) != HAL_OK)
 142:Core/Src/usart.c ****     {
 143:Core/Src/usart.c ****       Error_Handler();
 144:Core/Src/usart.c ****     }
 145:Core/Src/usart.c **** 
 146:Core/Src/usart.c ****     __HAL_LINKDMA(uartHandle,hdmarx,hdma_uart7_rx);
 147:Core/Src/usart.c **** 
 148:Core/Src/usart.c ****     /* UART7_TX Init */
 149:Core/Src/usart.c ****     hdma_uart7_tx.Instance = DMA1_Stream1;
 150:Core/Src/usart.c ****     hdma_uart7_tx.Init.Channel = DMA_CHANNEL_5;
 151:Core/Src/usart.c ****     hdma_uart7_tx.Init.Direction = DMA_MEMORY_TO_PERIPH;
 152:Core/Src/usart.c ****     hdma_uart7_tx.Init.PeriphInc = DMA_PINC_DISABLE;
 153:Core/Src/usart.c ****     hdma_uart7_tx.Init.MemInc = DMA_MINC_ENABLE;
 154:Core/Src/usart.c ****     hdma_uart7_tx.Init.PeriphDataAlignment = DMA_PDATAALIGN_BYTE;
 155:Core/Src/usart.c ****     hdma_uart7_tx.Init.MemDataAlignment = DMA_MDATAALIGN_BYTE;
 156:Core/Src/usart.c ****     hdma_uart7_tx.Init.Mode = DMA_NORMAL;
 157:Core/Src/usart.c ****     hdma_uart7_tx.Init.Priority = DMA_PRIORITY_LOW;
 158:Core/Src/usart.c ****     hdma_uart7_tx.Init.FIFOMode = DMA_FIFOMODE_DISABLE;
 159:Core/Src/usart.c ****     if (HAL_DMA_Init(&hdma_uart7_tx) != HAL_OK)
 160:Core/Src/usart.c ****     {
 161:Core/Src/usart.c ****       Error_Handler();
 162:Core/Src/usart.c ****     }
 163:Core/Src/usart.c **** 
 164:Core/Src/usart.c ****     __HAL_LINKDMA(uartHandle,hdmatx,hdma_uart7_tx);
 165:Core/Src/usart.c **** 
 166:Core/Src/usart.c ****   /* USER CODE BEGIN UART7_MspInit 1 */
 167:Core/Src/usart.c **** 
 168:Core/Src/usart.c ****   /* USER CODE END UART7_MspInit 1 */
 169:Core/Src/usart.c ****   }
 170:Core/Src/usart.c ****   else if(uartHandle->Instance==USART6)
 222              		.loc 1 170 8 is_stmt 1 view .LVU64
 223              		.loc 1 170 10 is_stmt 0 view .LVU65
 224 0022 4E4A     		ldr	r2, .L27+4
 225 0024 9342     		cmp	r3, r2
 226 0026 62D0     		beq	.L22
 227              	.LVL7:
 228              	.L13:
 171:Core/Src/usart.c ****   {
 172:Core/Src/usart.c ****   /* USER CODE BEGIN USART6_MspInit 0 */
 173:Core/Src/usart.c **** 
 174:Core/Src/usart.c ****   /* USER CODE END USART6_MspInit 0 */
ARM GAS  /tmp/ccuCBlxV.s 			page 8


 175:Core/Src/usart.c **** 
 176:Core/Src/usart.c ****   /** Initializes the peripherals clock
 177:Core/Src/usart.c ****   */
 178:Core/Src/usart.c ****     PeriphClkInitStruct.PeriphClockSelection = RCC_PERIPHCLK_USART6;
 179:Core/Src/usart.c ****     PeriphClkInitStruct.Usart6ClockSelection = RCC_USART6CLKSOURCE_PCLK2;
 180:Core/Src/usart.c ****     if (HAL_RCCEx_PeriphCLKConfig(&PeriphClkInitStruct) != HAL_OK)
 181:Core/Src/usart.c ****     {
 182:Core/Src/usart.c ****       Error_Handler();
 183:Core/Src/usart.c ****     }
 184:Core/Src/usart.c **** 
 185:Core/Src/usart.c ****     /* USART6 clock enable */
 186:Core/Src/usart.c ****     __HAL_RCC_USART6_CLK_ENABLE();
 187:Core/Src/usart.c **** 
 188:Core/Src/usart.c ****     __HAL_RCC_GPIOC_CLK_ENABLE();
 189:Core/Src/usart.c ****     /**USART6 GPIO Configuration
 190:Core/Src/usart.c ****     PC7     ------> USART6_RX
 191:Core/Src/usart.c ****     PC6     ------> USART6_TX
 192:Core/Src/usart.c ****     */
 193:Core/Src/usart.c ****     GPIO_InitStruct.Pin = GPIO_PIN_7|GPIO_PIN_6;
 194:Core/Src/usart.c ****     GPIO_InitStruct.Mode = GPIO_MODE_AF_PP;
 195:Core/Src/usart.c ****     GPIO_InitStruct.Pull = GPIO_NOPULL;
 196:Core/Src/usart.c ****     GPIO_InitStruct.Speed = GPIO_SPEED_FREQ_VERY_HIGH;
 197:Core/Src/usart.c ****     GPIO_InitStruct.Alternate = GPIO_AF8_USART6;
 198:Core/Src/usart.c ****     HAL_GPIO_Init(GPIOC, &GPIO_InitStruct);
 199:Core/Src/usart.c **** 
 200:Core/Src/usart.c ****     /* USART6 interrupt Init */
 201:Core/Src/usart.c ****     HAL_NVIC_SetPriority(USART6_IRQn, 0, 0);
 202:Core/Src/usart.c ****     HAL_NVIC_EnableIRQ(USART6_IRQn);
 203:Core/Src/usart.c ****   /* USER CODE BEGIN USART6_MspInit 1 */
 204:Core/Src/usart.c **** 
 205:Core/Src/usart.c ****   /* USER CODE END USART6_MspInit 1 */
 206:Core/Src/usart.c ****   }
 207:Core/Src/usart.c **** }
 229              		.loc 1 207 1 view .LVU66
 230 0028 2BB0     		add	sp, sp, #172
 231              	.LCFI4:
 232              		.cfi_remember_state
 233              		.cfi_def_cfa_offset 12
 234              		@ sp needed
 235 002a 30BD     		pop	{r4, r5, pc}
 236              	.LVL8:
 237              	.L21:
 238              	.LCFI5:
 239              		.cfi_restore_state
 107:Core/Src/usart.c ****     PeriphClkInitStruct.Uart7ClockSelection = RCC_UART7CLKSOURCE_PCLK1;
 240              		.loc 1 107 5 is_stmt 1 view .LVU67
 107:Core/Src/usart.c ****     PeriphClkInitStruct.Uart7ClockSelection = RCC_UART7CLKSOURCE_PCLK1;
 241              		.loc 1 107 46 is_stmt 0 view .LVU68
 242 002c 4FF48053 		mov	r3, #4096
 243 0030 0493     		str	r3, [sp, #16]
 108:Core/Src/usart.c ****     if (HAL_RCCEx_PeriphCLKConfig(&PeriphClkInitStruct) != HAL_OK)
 244              		.loc 1 108 5 is_stmt 1 view .LVU69
 109:Core/Src/usart.c ****     {
 245              		.loc 1 109 5 view .LVU70
 109:Core/Src/usart.c ****     {
 246              		.loc 1 109 9 is_stmt 0 view .LVU71
 247 0032 04A8     		add	r0, sp, #16
ARM GAS  /tmp/ccuCBlxV.s 			page 9


 248 0034 FFF7FEFF 		bl	HAL_RCCEx_PeriphCLKConfig
 249              	.LVL9:
 109:Core/Src/usart.c ****     {
 250              		.loc 1 109 8 view .LVU72
 251 0038 0028     		cmp	r0, #0
 252 003a 4FD1     		bne	.L23
 253              	.L15:
 115:Core/Src/usart.c **** 
 254              		.loc 1 115 5 is_stmt 1 view .LVU73
 255              	.LBB2:
 115:Core/Src/usart.c **** 
 256              		.loc 1 115 5 view .LVU74
 115:Core/Src/usart.c **** 
 257              		.loc 1 115 5 view .LVU75
 258 003c 484B     		ldr	r3, .L27+8
 259 003e 1A6C     		ldr	r2, [r3, #64]
 260 0040 42F08042 		orr	r2, r2, #1073741824
 261 0044 1A64     		str	r2, [r3, #64]
 115:Core/Src/usart.c **** 
 262              		.loc 1 115 5 view .LVU76
 263 0046 1A6C     		ldr	r2, [r3, #64]
 264 0048 02F08042 		and	r2, r2, #1073741824
 265 004c 0092     		str	r2, [sp]
 115:Core/Src/usart.c **** 
 266              		.loc 1 115 5 view .LVU77
 267 004e 009A     		ldr	r2, [sp]
 268              	.LBE2:
 115:Core/Src/usart.c **** 
 269              		.loc 1 115 5 view .LVU78
 117:Core/Src/usart.c ****     /**UART7 GPIO Configuration
 270              		.loc 1 117 5 view .LVU79
 271              	.LBB3:
 117:Core/Src/usart.c ****     /**UART7 GPIO Configuration
 272              		.loc 1 117 5 view .LVU80
 117:Core/Src/usart.c ****     /**UART7 GPIO Configuration
 273              		.loc 1 117 5 view .LVU81
 274 0050 1A6B     		ldr	r2, [r3, #48]
 275 0052 42F02002 		orr	r2, r2, #32
 276 0056 1A63     		str	r2, [r3, #48]
 117:Core/Src/usart.c ****     /**UART7 GPIO Configuration
 277              		.loc 1 117 5 view .LVU82
 278 0058 1B6B     		ldr	r3, [r3, #48]
 279 005a 03F02003 		and	r3, r3, #32
 280 005e 0193     		str	r3, [sp, #4]
 117:Core/Src/usart.c ****     /**UART7 GPIO Configuration
 281              		.loc 1 117 5 view .LVU83
 282 0060 019B     		ldr	r3, [sp, #4]
 283              	.LBE3:
 117:Core/Src/usart.c ****     /**UART7 GPIO Configuration
 284              		.loc 1 117 5 view .LVU84
 122:Core/Src/usart.c ****     GPIO_InitStruct.Mode = GPIO_MODE_AF_PP;
 285              		.loc 1 122 5 view .LVU85
 122:Core/Src/usart.c ****     GPIO_InitStruct.Mode = GPIO_MODE_AF_PP;
 286              		.loc 1 122 25 is_stmt 0 view .LVU86
 287 0062 C023     		movs	r3, #192
 288 0064 2593     		str	r3, [sp, #148]
 123:Core/Src/usart.c ****     GPIO_InitStruct.Pull = GPIO_NOPULL;
ARM GAS  /tmp/ccuCBlxV.s 			page 10


 289              		.loc 1 123 5 is_stmt 1 view .LVU87
 123:Core/Src/usart.c ****     GPIO_InitStruct.Pull = GPIO_NOPULL;
 290              		.loc 1 123 26 is_stmt 0 view .LVU88
 291 0066 0223     		movs	r3, #2
 292 0068 2693     		str	r3, [sp, #152]
 124:Core/Src/usart.c ****     GPIO_InitStruct.Speed = GPIO_SPEED_FREQ_VERY_HIGH;
 293              		.loc 1 124 5 is_stmt 1 view .LVU89
 124:Core/Src/usart.c ****     GPIO_InitStruct.Speed = GPIO_SPEED_FREQ_VERY_HIGH;
 294              		.loc 1 124 26 is_stmt 0 view .LVU90
 295 006a 0025     		movs	r5, #0
 296 006c 2795     		str	r5, [sp, #156]
 125:Core/Src/usart.c ****     GPIO_InitStruct.Alternate = GPIO_AF8_UART7;
 297              		.loc 1 125 5 is_stmt 1 view .LVU91
 125:Core/Src/usart.c ****     GPIO_InitStruct.Alternate = GPIO_AF8_UART7;
 298              		.loc 1 125 27 is_stmt 0 view .LVU92
 299 006e 0323     		movs	r3, #3
 300 0070 2893     		str	r3, [sp, #160]
 126:Core/Src/usart.c ****     HAL_GPIO_Init(GPIOF, &GPIO_InitStruct);
 301              		.loc 1 126 5 is_stmt 1 view .LVU93
 126:Core/Src/usart.c ****     HAL_GPIO_Init(GPIOF, &GPIO_InitStruct);
 302              		.loc 1 126 31 is_stmt 0 view .LVU94
 303 0072 0823     		movs	r3, #8
 304 0074 2993     		str	r3, [sp, #164]
 127:Core/Src/usart.c **** 
 305              		.loc 1 127 5 is_stmt 1 view .LVU95
 306 0076 25A9     		add	r1, sp, #148
 307 0078 3A48     		ldr	r0, .L27+12
 308 007a FFF7FEFF 		bl	HAL_GPIO_Init
 309              	.LVL10:
 131:Core/Src/usart.c ****     hdma_uart7_rx.Init.Channel = DMA_CHANNEL_5;
 310              		.loc 1 131 5 view .LVU96
 131:Core/Src/usart.c ****     hdma_uart7_rx.Init.Channel = DMA_CHANNEL_5;
 311              		.loc 1 131 28 is_stmt 0 view .LVU97
 312 007e 3A48     		ldr	r0, .L27+16
 313 0080 3A4B     		ldr	r3, .L27+20
 314 0082 0360     		str	r3, [r0]
 132:Core/Src/usart.c ****     hdma_uart7_rx.Init.Direction = DMA_PERIPH_TO_MEMORY;
 315              		.loc 1 132 5 is_stmt 1 view .LVU98
 132:Core/Src/usart.c ****     hdma_uart7_rx.Init.Direction = DMA_PERIPH_TO_MEMORY;
 316              		.loc 1 132 32 is_stmt 0 view .LVU99
 317 0084 4FF02063 		mov	r3, #167772160
 318 0088 4360     		str	r3, [r0, #4]
 133:Core/Src/usart.c ****     hdma_uart7_rx.Init.PeriphInc = DMA_PINC_DISABLE;
 319              		.loc 1 133 5 is_stmt 1 view .LVU100
 133:Core/Src/usart.c ****     hdma_uart7_rx.Init.PeriphInc = DMA_PINC_DISABLE;
 320              		.loc 1 133 34 is_stmt 0 view .LVU101
 321 008a 8560     		str	r5, [r0, #8]
 134:Core/Src/usart.c ****     hdma_uart7_rx.Init.MemInc = DMA_MINC_ENABLE;
 322              		.loc 1 134 5 is_stmt 1 view .LVU102
 134:Core/Src/usart.c ****     hdma_uart7_rx.Init.MemInc = DMA_MINC_ENABLE;
 323              		.loc 1 134 34 is_stmt 0 view .LVU103
 324 008c C560     		str	r5, [r0, #12]
 135:Core/Src/usart.c ****     hdma_uart7_rx.Init.PeriphDataAlignment = DMA_PDATAALIGN_BYTE;
 325              		.loc 1 135 5 is_stmt 1 view .LVU104
 135:Core/Src/usart.c ****     hdma_uart7_rx.Init.PeriphDataAlignment = DMA_PDATAALIGN_BYTE;
 326              		.loc 1 135 31 is_stmt 0 view .LVU105
 327 008e 4FF48063 		mov	r3, #1024
ARM GAS  /tmp/ccuCBlxV.s 			page 11


 328 0092 0361     		str	r3, [r0, #16]
 136:Core/Src/usart.c ****     hdma_uart7_rx.Init.MemDataAlignment = DMA_MDATAALIGN_BYTE;
 329              		.loc 1 136 5 is_stmt 1 view .LVU106
 136:Core/Src/usart.c ****     hdma_uart7_rx.Init.MemDataAlignment = DMA_MDATAALIGN_BYTE;
 330              		.loc 1 136 44 is_stmt 0 view .LVU107
 331 0094 4561     		str	r5, [r0, #20]
 137:Core/Src/usart.c ****     hdma_uart7_rx.Init.Mode = DMA_NORMAL;
 332              		.loc 1 137 5 is_stmt 1 view .LVU108
 137:Core/Src/usart.c ****     hdma_uart7_rx.Init.Mode = DMA_NORMAL;
 333              		.loc 1 137 41 is_stmt 0 view .LVU109
 334 0096 8561     		str	r5, [r0, #24]
 138:Core/Src/usart.c ****     hdma_uart7_rx.Init.Priority = DMA_PRIORITY_LOW;
 335              		.loc 1 138 5 is_stmt 1 view .LVU110
 138:Core/Src/usart.c ****     hdma_uart7_rx.Init.Priority = DMA_PRIORITY_LOW;
 336              		.loc 1 138 29 is_stmt 0 view .LVU111
 337 0098 C561     		str	r5, [r0, #28]
 139:Core/Src/usart.c ****     hdma_uart7_rx.Init.FIFOMode = DMA_FIFOMODE_DISABLE;
 338              		.loc 1 139 5 is_stmt 1 view .LVU112
 139:Core/Src/usart.c ****     hdma_uart7_rx.Init.FIFOMode = DMA_FIFOMODE_DISABLE;
 339              		.loc 1 139 33 is_stmt 0 view .LVU113
 340 009a 0562     		str	r5, [r0, #32]
 140:Core/Src/usart.c ****     if (HAL_DMA_Init(&hdma_uart7_rx) != HAL_OK)
 341              		.loc 1 140 5 is_stmt 1 view .LVU114
 140:Core/Src/usart.c ****     if (HAL_DMA_Init(&hdma_uart7_rx) != HAL_OK)
 342              		.loc 1 140 33 is_stmt 0 view .LVU115
 343 009c 4562     		str	r5, [r0, #36]
 141:Core/Src/usart.c ****     {
 344              		.loc 1 141 5 is_stmt 1 view .LVU116
 141:Core/Src/usart.c ****     {
 345              		.loc 1 141 9 is_stmt 0 view .LVU117
 346 009e FFF7FEFF 		bl	HAL_DMA_Init
 347              	.LVL11:
 141:Core/Src/usart.c ****     {
 348              		.loc 1 141 8 view .LVU118
 349 00a2 F0B9     		cbnz	r0, .L24
 350              	.L16:
 146:Core/Src/usart.c **** 
 351              		.loc 1 146 5 is_stmt 1 view .LVU119
 146:Core/Src/usart.c **** 
 352              		.loc 1 146 5 view .LVU120
 353 00a4 304B     		ldr	r3, .L27+16
 354 00a6 6367     		str	r3, [r4, #116]
 146:Core/Src/usart.c **** 
 355              		.loc 1 146 5 view .LVU121
 356 00a8 9C63     		str	r4, [r3, #56]
 146:Core/Src/usart.c **** 
 357              		.loc 1 146 5 view .LVU122
 149:Core/Src/usart.c ****     hdma_uart7_tx.Init.Channel = DMA_CHANNEL_5;
 358              		.loc 1 149 5 view .LVU123
 149:Core/Src/usart.c ****     hdma_uart7_tx.Init.Channel = DMA_CHANNEL_5;
 359              		.loc 1 149 28 is_stmt 0 view .LVU124
 360 00aa 3148     		ldr	r0, .L27+24
 361 00ac 314B     		ldr	r3, .L27+28
 362 00ae 0360     		str	r3, [r0]
 150:Core/Src/usart.c ****     hdma_uart7_tx.Init.Direction = DMA_MEMORY_TO_PERIPH;
 363              		.loc 1 150 5 is_stmt 1 view .LVU125
 150:Core/Src/usart.c ****     hdma_uart7_tx.Init.Direction = DMA_MEMORY_TO_PERIPH;
ARM GAS  /tmp/ccuCBlxV.s 			page 12


 364              		.loc 1 150 32 is_stmt 0 view .LVU126
 365 00b0 4FF02063 		mov	r3, #167772160
 366 00b4 4360     		str	r3, [r0, #4]
 151:Core/Src/usart.c ****     hdma_uart7_tx.Init.PeriphInc = DMA_PINC_DISABLE;
 367              		.loc 1 151 5 is_stmt 1 view .LVU127
 151:Core/Src/usart.c ****     hdma_uart7_tx.Init.PeriphInc = DMA_PINC_DISABLE;
 368              		.loc 1 151 34 is_stmt 0 view .LVU128
 369 00b6 4023     		movs	r3, #64
 370 00b8 8360     		str	r3, [r0, #8]
 152:Core/Src/usart.c ****     hdma_uart7_tx.Init.MemInc = DMA_MINC_ENABLE;
 371              		.loc 1 152 5 is_stmt 1 view .LVU129
 152:Core/Src/usart.c ****     hdma_uart7_tx.Init.MemInc = DMA_MINC_ENABLE;
 372              		.loc 1 152 34 is_stmt 0 view .LVU130
 373 00ba 0023     		movs	r3, #0
 374 00bc C360     		str	r3, [r0, #12]
 153:Core/Src/usart.c ****     hdma_uart7_tx.Init.PeriphDataAlignment = DMA_PDATAALIGN_BYTE;
 375              		.loc 1 153 5 is_stmt 1 view .LVU131
 153:Core/Src/usart.c ****     hdma_uart7_tx.Init.PeriphDataAlignment = DMA_PDATAALIGN_BYTE;
 376              		.loc 1 153 31 is_stmt 0 view .LVU132
 377 00be 4FF48062 		mov	r2, #1024
 378 00c2 0261     		str	r2, [r0, #16]
 154:Core/Src/usart.c ****     hdma_uart7_tx.Init.MemDataAlignment = DMA_MDATAALIGN_BYTE;
 379              		.loc 1 154 5 is_stmt 1 view .LVU133
 154:Core/Src/usart.c ****     hdma_uart7_tx.Init.MemDataAlignment = DMA_MDATAALIGN_BYTE;
 380              		.loc 1 154 44 is_stmt 0 view .LVU134
 381 00c4 4361     		str	r3, [r0, #20]
 155:Core/Src/usart.c ****     hdma_uart7_tx.Init.Mode = DMA_NORMAL;
 382              		.loc 1 155 5 is_stmt 1 view .LVU135
 155:Core/Src/usart.c ****     hdma_uart7_tx.Init.Mode = DMA_NORMAL;
 383              		.loc 1 155 41 is_stmt 0 view .LVU136
 384 00c6 8361     		str	r3, [r0, #24]
 156:Core/Src/usart.c ****     hdma_uart7_tx.Init.Priority = DMA_PRIORITY_LOW;
 385              		.loc 1 156 5 is_stmt 1 view .LVU137
 156:Core/Src/usart.c ****     hdma_uart7_tx.Init.Priority = DMA_PRIORITY_LOW;
 386              		.loc 1 156 29 is_stmt 0 view .LVU138
 387 00c8 C361     		str	r3, [r0, #28]
 157:Core/Src/usart.c ****     hdma_uart7_tx.Init.FIFOMode = DMA_FIFOMODE_DISABLE;
 388              		.loc 1 157 5 is_stmt 1 view .LVU139
 157:Core/Src/usart.c ****     hdma_uart7_tx.Init.FIFOMode = DMA_FIFOMODE_DISABLE;
 389              		.loc 1 157 33 is_stmt 0 view .LVU140
 390 00ca 0362     		str	r3, [r0, #32]
 158:Core/Src/usart.c ****     if (HAL_DMA_Init(&hdma_uart7_tx) != HAL_OK)
 391              		.loc 1 158 5 is_stmt 1 view .LVU141
 158:Core/Src/usart.c ****     if (HAL_DMA_Init(&hdma_uart7_tx) != HAL_OK)
 392              		.loc 1 158 33 is_stmt 0 view .LVU142
 393 00cc 4362     		str	r3, [r0, #36]
 159:Core/Src/usart.c ****     {
 394              		.loc 1 159 5 is_stmt 1 view .LVU143
 159:Core/Src/usart.c ****     {
 395              		.loc 1 159 9 is_stmt 0 view .LVU144
 396 00ce FFF7FEFF 		bl	HAL_DMA_Init
 397              	.LVL12:
 159:Core/Src/usart.c ****     {
 398              		.loc 1 159 8 view .LVU145
 399 00d2 48B9     		cbnz	r0, .L25
 400              	.L17:
 164:Core/Src/usart.c **** 
ARM GAS  /tmp/ccuCBlxV.s 			page 13


 401              		.loc 1 164 5 is_stmt 1 view .LVU146
 164:Core/Src/usart.c **** 
 402              		.loc 1 164 5 view .LVU147
 403 00d4 264B     		ldr	r3, .L27+24
 404 00d6 2367     		str	r3, [r4, #112]
 164:Core/Src/usart.c **** 
 405              		.loc 1 164 5 view .LVU148
 406 00d8 9C63     		str	r4, [r3, #56]
 164:Core/Src/usart.c **** 
 407              		.loc 1 164 5 view .LVU149
 408 00da A5E7     		b	.L13
 409              	.L23:
 111:Core/Src/usart.c ****     }
 410              		.loc 1 111 7 view .LVU150
 411 00dc FFF7FEFF 		bl	Error_Handler
 412              	.LVL13:
 413 00e0 ACE7     		b	.L15
 414              	.L24:
 143:Core/Src/usart.c ****     }
 415              		.loc 1 143 7 view .LVU151
 416 00e2 FFF7FEFF 		bl	Error_Handler
 417              	.LVL14:
 418 00e6 DDE7     		b	.L16
 419              	.L25:
 161:Core/Src/usart.c ****     }
 420              		.loc 1 161 7 view .LVU152
 421 00e8 FFF7FEFF 		bl	Error_Handler
 422              	.LVL15:
 423 00ec F2E7     		b	.L17
 424              	.L22:
 178:Core/Src/usart.c ****     PeriphClkInitStruct.Usart6ClockSelection = RCC_USART6CLKSOURCE_PCLK2;
 425              		.loc 1 178 5 view .LVU153
 178:Core/Src/usart.c ****     PeriphClkInitStruct.Usart6ClockSelection = RCC_USART6CLKSOURCE_PCLK2;
 426              		.loc 1 178 46 is_stmt 0 view .LVU154
 427 00ee 4FF40063 		mov	r3, #2048
 428 00f2 0493     		str	r3, [sp, #16]
 179:Core/Src/usart.c ****     if (HAL_RCCEx_PeriphCLKConfig(&PeriphClkInitStruct) != HAL_OK)
 429              		.loc 1 179 5 is_stmt 1 view .LVU155
 180:Core/Src/usart.c ****     {
 430              		.loc 1 180 5 view .LVU156
 180:Core/Src/usart.c ****     {
 431              		.loc 1 180 9 is_stmt 0 view .LVU157
 432 00f4 04A8     		add	r0, sp, #16
 433 00f6 FFF7FEFF 		bl	HAL_RCCEx_PeriphCLKConfig
 434              	.LVL16:
 180:Core/Src/usart.c ****     {
 435              		.loc 1 180 8 view .LVU158
 436 00fa 48BB     		cbnz	r0, .L26
 437              	.L19:
 186:Core/Src/usart.c **** 
 438              		.loc 1 186 5 is_stmt 1 view .LVU159
 439              	.LBB4:
 186:Core/Src/usart.c **** 
 440              		.loc 1 186 5 view .LVU160
 186:Core/Src/usart.c **** 
 441              		.loc 1 186 5 view .LVU161
 442 00fc 184B     		ldr	r3, .L27+8
ARM GAS  /tmp/ccuCBlxV.s 			page 14


 443 00fe 5A6C     		ldr	r2, [r3, #68]
 444 0100 42F02002 		orr	r2, r2, #32
 445 0104 5A64     		str	r2, [r3, #68]
 186:Core/Src/usart.c **** 
 446              		.loc 1 186 5 view .LVU162
 447 0106 5A6C     		ldr	r2, [r3, #68]
 448 0108 02F02002 		and	r2, r2, #32
 449 010c 0292     		str	r2, [sp, #8]
 186:Core/Src/usart.c **** 
 450              		.loc 1 186 5 view .LVU163
 451 010e 029A     		ldr	r2, [sp, #8]
 452              	.LBE4:
 186:Core/Src/usart.c **** 
 453              		.loc 1 186 5 view .LVU164
 188:Core/Src/usart.c ****     /**USART6 GPIO Configuration
 454              		.loc 1 188 5 view .LVU165
 455              	.LBB5:
 188:Core/Src/usart.c ****     /**USART6 GPIO Configuration
 456              		.loc 1 188 5 view .LVU166
 188:Core/Src/usart.c ****     /**USART6 GPIO Configuration
 457              		.loc 1 188 5 view .LVU167
 458 0110 1A6B     		ldr	r2, [r3, #48]
 459 0112 42F00402 		orr	r2, r2, #4
 460 0116 1A63     		str	r2, [r3, #48]
 188:Core/Src/usart.c ****     /**USART6 GPIO Configuration
 461              		.loc 1 188 5 view .LVU168
 462 0118 1B6B     		ldr	r3, [r3, #48]
 463 011a 03F00403 		and	r3, r3, #4
 464 011e 0393     		str	r3, [sp, #12]
 188:Core/Src/usart.c ****     /**USART6 GPIO Configuration
 465              		.loc 1 188 5 view .LVU169
 466 0120 039B     		ldr	r3, [sp, #12]
 467              	.LBE5:
 188:Core/Src/usart.c ****     /**USART6 GPIO Configuration
 468              		.loc 1 188 5 view .LVU170
 193:Core/Src/usart.c ****     GPIO_InitStruct.Mode = GPIO_MODE_AF_PP;
 469              		.loc 1 193 5 view .LVU171
 193:Core/Src/usart.c ****     GPIO_InitStruct.Mode = GPIO_MODE_AF_PP;
 470              		.loc 1 193 25 is_stmt 0 view .LVU172
 471 0122 C023     		movs	r3, #192
 472 0124 2593     		str	r3, [sp, #148]
 194:Core/Src/usart.c ****     GPIO_InitStruct.Pull = GPIO_NOPULL;
 473              		.loc 1 194 5 is_stmt 1 view .LVU173
 194:Core/Src/usart.c ****     GPIO_InitStruct.Pull = GPIO_NOPULL;
 474              		.loc 1 194 26 is_stmt 0 view .LVU174
 475 0126 0223     		movs	r3, #2
 476 0128 2693     		str	r3, [sp, #152]
 195:Core/Src/usart.c ****     GPIO_InitStruct.Speed = GPIO_SPEED_FREQ_VERY_HIGH;
 477              		.loc 1 195 5 is_stmt 1 view .LVU175
 195:Core/Src/usart.c ****     GPIO_InitStruct.Speed = GPIO_SPEED_FREQ_VERY_HIGH;
 478              		.loc 1 195 26 is_stmt 0 view .LVU176
 479 012a 0024     		movs	r4, #0
 480              	.LVL17:
 195:Core/Src/usart.c ****     GPIO_InitStruct.Speed = GPIO_SPEED_FREQ_VERY_HIGH;
 481              		.loc 1 195 26 view .LVU177
 482 012c 2794     		str	r4, [sp, #156]
 196:Core/Src/usart.c ****     GPIO_InitStruct.Alternate = GPIO_AF8_USART6;
ARM GAS  /tmp/ccuCBlxV.s 			page 15


 483              		.loc 1 196 5 is_stmt 1 view .LVU178
 196:Core/Src/usart.c ****     GPIO_InitStruct.Alternate = GPIO_AF8_USART6;
 484              		.loc 1 196 27 is_stmt 0 view .LVU179
 485 012e 0323     		movs	r3, #3
 486 0130 2893     		str	r3, [sp, #160]
 197:Core/Src/usart.c ****     HAL_GPIO_Init(GPIOC, &GPIO_InitStruct);
 487              		.loc 1 197 5 is_stmt 1 view .LVU180
 197:Core/Src/usart.c ****     HAL_GPIO_Init(GPIOC, &GPIO_InitStruct);
 488              		.loc 1 197 31 is_stmt 0 view .LVU181
 489 0132 0823     		movs	r3, #8
 490 0134 2993     		str	r3, [sp, #164]
 198:Core/Src/usart.c **** 
 491              		.loc 1 198 5 is_stmt 1 view .LVU182
 492 0136 25A9     		add	r1, sp, #148
 493 0138 0F48     		ldr	r0, .L27+32
 494 013a FFF7FEFF 		bl	HAL_GPIO_Init
 495              	.LVL18:
 201:Core/Src/usart.c ****     HAL_NVIC_EnableIRQ(USART6_IRQn);
 496              		.loc 1 201 5 view .LVU183
 497 013e 2246     		mov	r2, r4
 498 0140 2146     		mov	r1, r4
 499 0142 4720     		movs	r0, #71
 500 0144 FFF7FEFF 		bl	HAL_NVIC_SetPriority
 501              	.LVL19:
 202:Core/Src/usart.c ****   /* USER CODE BEGIN USART6_MspInit 1 */
 502              		.loc 1 202 5 view .LVU184
 503 0148 4720     		movs	r0, #71
 504 014a FFF7FEFF 		bl	HAL_NVIC_EnableIRQ
 505              	.LVL20:
 506              		.loc 1 207 1 is_stmt 0 view .LVU185
 507 014e 6BE7     		b	.L13
 508              	.LVL21:
 509              	.L26:
 182:Core/Src/usart.c ****     }
 510              		.loc 1 182 7 is_stmt 1 view .LVU186
 511 0150 FFF7FEFF 		bl	Error_Handler
 512              	.LVL22:
 513 0154 D2E7     		b	.L19
 514              	.L28:
 515 0156 00BF     		.align	2
 516              	.L27:
 517 0158 00780040 		.word	1073772544
 518 015c 00140140 		.word	1073812480
 519 0160 00380240 		.word	1073887232
 520 0164 00140240 		.word	1073878016
 521 0168 00000000 		.word	.LANCHOR2
 522 016c 58600240 		.word	1073897560
 523 0170 00000000 		.word	.LANCHOR3
 524 0174 28600240 		.word	1073897512
 525 0178 00080240 		.word	1073874944
 526              		.cfi_endproc
 527              	.LFE143:
 529              		.section	.text.HAL_UART_MspDeInit,"ax",%progbits
 530              		.align	1
 531              		.global	HAL_UART_MspDeInit
 532              		.syntax unified
 533              		.thumb
ARM GAS  /tmp/ccuCBlxV.s 			page 16


 534              		.thumb_func
 535              		.fpu fpv5-sp-d16
 537              	HAL_UART_MspDeInit:
 538              	.LVL23:
 539              	.LFB144:
 208:Core/Src/usart.c **** 
 209:Core/Src/usart.c **** void HAL_UART_MspDeInit(UART_HandleTypeDef* uartHandle)
 210:Core/Src/usart.c **** {
 540              		.loc 1 210 1 view -0
 541              		.cfi_startproc
 542              		@ args = 0, pretend = 0, frame = 0
 543              		@ frame_needed = 0, uses_anonymous_args = 0
 544              		.loc 1 210 1 is_stmt 0 view .LVU188
 545 0000 10B5     		push	{r4, lr}
 546              	.LCFI6:
 547              		.cfi_def_cfa_offset 8
 548              		.cfi_offset 4, -8
 549              		.cfi_offset 14, -4
 211:Core/Src/usart.c **** 
 212:Core/Src/usart.c ****   if(uartHandle->Instance==UART7)
 550              		.loc 1 212 3 is_stmt 1 view .LVU189
 551              		.loc 1 212 16 is_stmt 0 view .LVU190
 552 0002 0368     		ldr	r3, [r0]
 553              		.loc 1 212 5 view .LVU191
 554 0004 134A     		ldr	r2, .L35
 555 0006 9342     		cmp	r3, r2
 556 0008 03D0     		beq	.L33
 213:Core/Src/usart.c ****   {
 214:Core/Src/usart.c ****   /* USER CODE BEGIN UART7_MspDeInit 0 */
 215:Core/Src/usart.c **** 
 216:Core/Src/usart.c ****   /* USER CODE END UART7_MspDeInit 0 */
 217:Core/Src/usart.c ****     /* Peripheral clock disable */
 218:Core/Src/usart.c ****     __HAL_RCC_UART7_CLK_DISABLE();
 219:Core/Src/usart.c **** 
 220:Core/Src/usart.c ****     /**UART7 GPIO Configuration
 221:Core/Src/usart.c ****     PF7     ------> UART7_TX
 222:Core/Src/usart.c ****     PF6     ------> UART7_RX
 223:Core/Src/usart.c ****     */
 224:Core/Src/usart.c ****     HAL_GPIO_DeInit(GPIOF, GPIO_PIN_7|GPIO_PIN_6);
 225:Core/Src/usart.c **** 
 226:Core/Src/usart.c ****     /* UART7 DMA DeInit */
 227:Core/Src/usart.c ****     HAL_DMA_DeInit(uartHandle->hdmarx);
 228:Core/Src/usart.c ****     HAL_DMA_DeInit(uartHandle->hdmatx);
 229:Core/Src/usart.c ****   /* USER CODE BEGIN UART7_MspDeInit 1 */
 230:Core/Src/usart.c **** 
 231:Core/Src/usart.c ****   /* USER CODE END UART7_MspDeInit 1 */
 232:Core/Src/usart.c ****   }
 233:Core/Src/usart.c ****   else if(uartHandle->Instance==USART6)
 557              		.loc 1 233 8 is_stmt 1 view .LVU192
 558              		.loc 1 233 10 is_stmt 0 view .LVU193
 559 000a 134A     		ldr	r2, .L35+4
 560 000c 9342     		cmp	r3, r2
 561 000e 12D0     		beq	.L34
 562              	.LVL24:
 563              	.L29:
 234:Core/Src/usart.c ****   {
 235:Core/Src/usart.c ****   /* USER CODE BEGIN USART6_MspDeInit 0 */
ARM GAS  /tmp/ccuCBlxV.s 			page 17


 236:Core/Src/usart.c **** 
 237:Core/Src/usart.c ****   /* USER CODE END USART6_MspDeInit 0 */
 238:Core/Src/usart.c ****     /* Peripheral clock disable */
 239:Core/Src/usart.c ****     __HAL_RCC_USART6_CLK_DISABLE();
 240:Core/Src/usart.c **** 
 241:Core/Src/usart.c ****     /**USART6 GPIO Configuration
 242:Core/Src/usart.c ****     PC7     ------> USART6_RX
 243:Core/Src/usart.c ****     PC6     ------> USART6_TX
 244:Core/Src/usart.c ****     */
 245:Core/Src/usart.c ****     HAL_GPIO_DeInit(GPIOC, GPIO_PIN_7|GPIO_PIN_6);
 246:Core/Src/usart.c **** 
 247:Core/Src/usart.c ****     /* USART6 interrupt Deinit */
 248:Core/Src/usart.c ****     HAL_NVIC_DisableIRQ(USART6_IRQn);
 249:Core/Src/usart.c ****   /* USER CODE BEGIN USART6_MspDeInit 1 */
 250:Core/Src/usart.c **** 
 251:Core/Src/usart.c ****   /* USER CODE END USART6_MspDeInit 1 */
 252:Core/Src/usart.c ****   }
 253:Core/Src/usart.c **** }
 564              		.loc 1 253 1 view .LVU194
 565 0010 10BD     		pop	{r4, pc}
 566              	.LVL25:
 567              	.L33:
 568              		.loc 1 253 1 view .LVU195
 569 0012 0446     		mov	r4, r0
 218:Core/Src/usart.c **** 
 570              		.loc 1 218 5 is_stmt 1 view .LVU196
 571 0014 02F5E032 		add	r2, r2, #114688
 572 0018 136C     		ldr	r3, [r2, #64]
 573 001a 23F08043 		bic	r3, r3, #1073741824
 574 001e 1364     		str	r3, [r2, #64]
 224:Core/Src/usart.c **** 
 575              		.loc 1 224 5 view .LVU197
 576 0020 C021     		movs	r1, #192
 577 0022 0E48     		ldr	r0, .L35+8
 578              	.LVL26:
 224:Core/Src/usart.c **** 
 579              		.loc 1 224 5 is_stmt 0 view .LVU198
 580 0024 FFF7FEFF 		bl	HAL_GPIO_DeInit
 581              	.LVL27:
 227:Core/Src/usart.c ****     HAL_DMA_DeInit(uartHandle->hdmatx);
 582              		.loc 1 227 5 is_stmt 1 view .LVU199
 583 0028 606F     		ldr	r0, [r4, #116]
 584 002a FFF7FEFF 		bl	HAL_DMA_DeInit
 585              	.LVL28:
 228:Core/Src/usart.c ****   /* USER CODE BEGIN UART7_MspDeInit 1 */
 586              		.loc 1 228 5 view .LVU200
 587 002e 206F     		ldr	r0, [r4, #112]
 588 0030 FFF7FEFF 		bl	HAL_DMA_DeInit
 589              	.LVL29:
 590 0034 ECE7     		b	.L29
 591              	.LVL30:
 592              	.L34:
 239:Core/Src/usart.c **** 
 593              		.loc 1 239 5 view .LVU201
 594 0036 02F59232 		add	r2, r2, #74752
 595 003a 536C     		ldr	r3, [r2, #68]
 596 003c 23F02003 		bic	r3, r3, #32
ARM GAS  /tmp/ccuCBlxV.s 			page 18


 597 0040 5364     		str	r3, [r2, #68]
 245:Core/Src/usart.c **** 
 598              		.loc 1 245 5 view .LVU202
 599 0042 C021     		movs	r1, #192
 600 0044 0648     		ldr	r0, .L35+12
 601              	.LVL31:
 245:Core/Src/usart.c **** 
 602              		.loc 1 245 5 is_stmt 0 view .LVU203
 603 0046 FFF7FEFF 		bl	HAL_GPIO_DeInit
 604              	.LVL32:
 248:Core/Src/usart.c ****   /* USER CODE BEGIN USART6_MspDeInit 1 */
 605              		.loc 1 248 5 is_stmt 1 view .LVU204
 606 004a 4720     		movs	r0, #71
 607 004c FFF7FEFF 		bl	HAL_NVIC_DisableIRQ
 608              	.LVL33:
 609              		.loc 1 253 1 is_stmt 0 view .LVU205
 610 0050 DEE7     		b	.L29
 611              	.L36:
 612 0052 00BF     		.align	2
 613              	.L35:
 614 0054 00780040 		.word	1073772544
 615 0058 00140140 		.word	1073812480
 616 005c 00140240 		.word	1073878016
 617 0060 00080240 		.word	1073874944
 618              		.cfi_endproc
 619              	.LFE144:
 621              		.global	hdma_uart7_tx
 622              		.global	hdma_uart7_rx
 623              		.global	huart6
 624              		.global	huart7
 625              		.section	.bss.hdma_uart7_rx,"aw",%nobits
 626              		.align	2
 627              		.set	.LANCHOR2,. + 0
 630              	hdma_uart7_rx:
 631 0000 00000000 		.space	96
 631      00000000 
 631      00000000 
 631      00000000 
 631      00000000 
 632              		.section	.bss.hdma_uart7_tx,"aw",%nobits
 633              		.align	2
 634              		.set	.LANCHOR3,. + 0
 637              	hdma_uart7_tx:
 638 0000 00000000 		.space	96
 638      00000000 
 638      00000000 
 638      00000000 
 638      00000000 
 639              		.section	.bss.huart6,"aw",%nobits
 640              		.align	2
 641              		.set	.LANCHOR1,. + 0
 644              	huart6:
 645 0000 00000000 		.space	136
 645      00000000 
 645      00000000 
 645      00000000 
 645      00000000 
ARM GAS  /tmp/ccuCBlxV.s 			page 19


 646              		.section	.bss.huart7,"aw",%nobits
 647              		.align	2
 648              		.set	.LANCHOR0,. + 0
 651              	huart7:
 652 0000 00000000 		.space	136
 652      00000000 
 652      00000000 
 652      00000000 
 652      00000000 
 653              		.text
 654              	.Letext0:
 655              		.file 2 "/usr/lib/gcc/arm-none-eabi/10.3.1/include/stdint.h"
 656              		.file 3 "Drivers/CMSIS/Device/ST/STM32F7xx/Include/stm32f746xx.h"
 657              		.file 4 "Drivers/STM32F7xx_HAL_Driver/Inc/stm32f7xx_hal_def.h"
 658              		.file 5 "Drivers/STM32F7xx_HAL_Driver/Inc/stm32f7xx_hal_rcc_ex.h"
 659              		.file 6 "Drivers/STM32F7xx_HAL_Driver/Inc/stm32f7xx_hal_gpio.h"
 660              		.file 7 "Drivers/STM32F7xx_HAL_Driver/Inc/stm32f7xx_hal_dma.h"
 661              		.file 8 "Drivers/STM32F7xx_HAL_Driver/Inc/stm32f7xx_hal_uart.h"
 662              		.file 9 "Core/Inc/usart.h"
 663              		.file 10 "Drivers/STM32F7xx_HAL_Driver/Inc/stm32f7xx_hal_cortex.h"
 664              		.file 11 "Core/Inc/main.h"
 665              		.file 12 "<built-in>"
ARM GAS  /tmp/ccuCBlxV.s 			page 20


DEFINED SYMBOLS
                            *ABS*:0000000000000000 usart.c
     /tmp/ccuCBlxV.s:18     .text.MX_UART7_Init:0000000000000000 $t
     /tmp/ccuCBlxV.s:26     .text.MX_UART7_Init:0000000000000000 MX_UART7_Init
     /tmp/ccuCBlxV.s:91     .text.MX_UART7_Init:0000000000000030 $d
     /tmp/ccuCBlxV.s:97     .text.MX_USART6_UART_Init:0000000000000000 $t
     /tmp/ccuCBlxV.s:104    .text.MX_USART6_UART_Init:0000000000000000 MX_USART6_UART_Init
     /tmp/ccuCBlxV.s:168    .text.MX_USART6_UART_Init:0000000000000030 $d
     /tmp/ccuCBlxV.s:174    .text.HAL_UART_MspInit:0000000000000000 $t
     /tmp/ccuCBlxV.s:181    .text.HAL_UART_MspInit:0000000000000000 HAL_UART_MspInit
     /tmp/ccuCBlxV.s:517    .text.HAL_UART_MspInit:0000000000000158 $d
     /tmp/ccuCBlxV.s:530    .text.HAL_UART_MspDeInit:0000000000000000 $t
     /tmp/ccuCBlxV.s:537    .text.HAL_UART_MspDeInit:0000000000000000 HAL_UART_MspDeInit
     /tmp/ccuCBlxV.s:614    .text.HAL_UART_MspDeInit:0000000000000054 $d
     /tmp/ccuCBlxV.s:637    .bss.hdma_uart7_tx:0000000000000000 hdma_uart7_tx
     /tmp/ccuCBlxV.s:630    .bss.hdma_uart7_rx:0000000000000000 hdma_uart7_rx
     /tmp/ccuCBlxV.s:644    .bss.huart6:0000000000000000 huart6
     /tmp/ccuCBlxV.s:651    .bss.huart7:0000000000000000 huart7
     /tmp/ccuCBlxV.s:626    .bss.hdma_uart7_rx:0000000000000000 $d
     /tmp/ccuCBlxV.s:633    .bss.hdma_uart7_tx:0000000000000000 $d
     /tmp/ccuCBlxV.s:640    .bss.huart6:0000000000000000 $d
     /tmp/ccuCBlxV.s:647    .bss.huart7:0000000000000000 $d

UNDEFINED SYMBOLS
HAL_UART_Init
Error_Handler
memset
HAL_RCCEx_PeriphCLKConfig
HAL_GPIO_Init
HAL_DMA_Init
HAL_NVIC_SetPriority
HAL_NVIC_EnableIRQ
HAL_GPIO_DeInit
HAL_DMA_DeInit
HAL_NVIC_DisableIRQ
